\BOOKMARK [1][-]{section.1}{\376\377\000E\000y\000e\000\040\000D\000e\000t\000e\000c\000t\000i\000o\000n\000\040\000u\000s\000i\000n\000g\000\040\000H\000a\000a\000r\000\040\000C\000a\000s\000c\000a\000d\000e\000\040\000C\000l\000a\000s\000s\000i\000f\000i\000e\000r\000s}{}% 1
\BOOKMARK [2][-]{subsection.1.1}{\376\377\000B\000r\000i\000e\000f\000\040\000D\000e\000s\000c\000r\000i\000p\000t\000i\000o\000n\000\040\000a\000b\000o\000u\000t\000\040\000t\000h\000e\000\040\000T\000h\000e\000o\000r\000y}{section.1}% 2
\BOOKMARK [2][-]{subsection.1.2}{\376\377\000E\000x\000p\000e\000r\000i\000m\000e\000n\000t\000a\000l\000\040\000D\000e\000t\000a\000i\000l\000s}{section.1}% 3
\BOOKMARK [3][-]{subsubsection.1.2.1}{\376\377\000I\000m\000p\000l\000e\000m\000e\000n\000t\000a\000t\000i\000o\000n\000\040\000D\000e\000t\000a\000i\000l\000s}{subsection.1.2}% 4
\BOOKMARK [3][-]{subsubsection.1.2.2}{\376\377\000T\000e\000c\000h\000n\000i\000c\000a\000l\000\040\000A\000p\000p\000r\000o\000a\000c\000h}{subsection.1.2}% 5
\BOOKMARK [2][-]{subsection.1.3}{\376\377\000R\000e\000s\000u\000l\000t\000s\000\040\000a\000n\000d\000\040\000I\000n\000f\000e\000r\000e\000n\000c\000e\000s}{section.1}% 6
\BOOKMARK [1][-]{section.2}{\376\377\000I\000m\000a\000g\000e\000\040\000T\000r\000a\000n\000s\000f\000o\000r\000m\000a\000t\000i\000o\000n\000\040\000T\000e\000c\000h\000n\000i\000q\000u\000e\000s}{}% 7
\BOOKMARK [2][-]{subsection.2.1}{\376\377\000B\000r\000i\000e\000f\000\040\000D\000e\000s\000c\000r\000i\000p\000t\000i\000o\000n\000\040\000a\000b\000o\000u\000t\000\040\000t\000h\000e\000\040\000T\000h\000e\000o\000r\000y}{section.2}% 8
\BOOKMARK [2][-]{subsection.2.2}{\376\377\000E\000x\000p\000e\000r\000i\000m\000e\000n\000t\000a\000l\000\040\000D\000e\000t\000a\000i\000l\000s}{section.2}% 9
\BOOKMARK [3][-]{subsubsection.2.2.1}{\376\377\000G\000e\000o\000m\000e\000t\000r\000i\000c\000\040\000T\000r\000a\000n\000s\000f\000o\000r\000m\000a\000t\000i\000o\000n\000s}{subsection.2.2}% 10
\BOOKMARK [3][-]{subsubsection.2.2.2}{\376\377\000C\000o\000l\000o\000r\000\040\000S\000p\000a\000c\000e\000\040\000T\000r\000a\000n\000s\000f\000o\000r\000m\000a\000t\000i\000o\000n\000s}{subsection.2.2}% 11
\BOOKMARK [2][-]{subsection.2.3}{\376\377\000R\000e\000s\000u\000l\000t\000s\000\040\000a\000n\000d\000\040\000I\000n\000f\000e\000r\000e\000n\000c\000e\000s}{section.2}% 12
\BOOKMARK [1][-]{section.3}{\376\377\000R\000G\000B\000\040\000t\000o\000\040\000G\000r\000a\000y\000s\000c\000a\000l\000e\000\040\000C\000o\000n\000v\000e\000r\000s\000i\000o\000n}{}% 13
\BOOKMARK [2][-]{subsection.3.1}{\376\377\000B\000r\000i\000e\000f\000\040\000D\000e\000s\000c\000r\000i\000p\000t\000i\000o\000n\000\040\000a\000b\000o\000u\000t\000\040\000t\000h\000e\000\040\000T\000h\000e\000o\000r\000y}{section.3}% 14
\BOOKMARK [2][-]{subsection.3.2}{\376\377\000E\000x\000p\000e\000r\000i\000m\000e\000n\000t\000a\000l\000\040\000D\000e\000t\000a\000i\000l\000s}{section.3}% 15
\BOOKMARK [3][-]{subsubsection.3.2.1}{\376\377\000I\000m\000p\000l\000e\000m\000e\000n\000t\000a\000t\000i\000o\000n\000\040\000D\000e\000t\000a\000i\000l\000s}{subsection.3.2}% 16
\BOOKMARK [3][-]{subsubsection.3.2.2}{\376\377\000T\000e\000c\000h\000n\000i\000c\000a\000l\000\040\000A\000p\000p\000r\000o\000a\000c\000h}{subsection.3.2}% 17
\BOOKMARK [2][-]{subsection.3.3}{\376\377\000R\000e\000s\000u\000l\000t\000s\000\040\000a\000n\000d\000\040\000I\000n\000f\000e\000r\000e\000n\000c\000e\000s}{section.3}% 18
\BOOKMARK [1][-]{section.4}{\376\377\000I\000n\000t\000e\000n\000s\000i\000t\000y\000\040\000R\000e\000s\000o\000l\000u\000t\000i\000o\000n\000\040\000R\000e\000d\000u\000c\000t\000i\000o\000n}{}% 19
\BOOKMARK [2][-]{subsection.4.1}{\376\377\000B\000r\000i\000e\000f\000\040\000D\000e\000s\000c\000r\000i\000p\000t\000i\000o\000n\000\040\000a\000b\000o\000u\000t\000\040\000t\000h\000e\000\040\000T\000h\000e\000o\000r\000y}{section.4}% 20
\BOOKMARK [2][-]{subsection.4.2}{\376\377\000E\000x\000p\000e\000r\000i\000m\000e\000n\000t\000a\000l\000\040\000D\000e\000t\000a\000i\000l\000s}{section.4}% 21
\BOOKMARK [3][-]{subsubsection.4.2.1}{\376\377\000I\000n\000t\000e\000n\000s\000i\000t\000y\000\040\000L\000e\000v\000e\000l\000s\000\040\000a\000n\000d\000\040\000B\000i\000t\000\040\000D\000e\000p\000t\000h}{subsection.4.2}% 22
\BOOKMARK [3][-]{subsubsection.4.2.2}{\376\377\000I\000m\000p\000l\000e\000m\000e\000n\000t\000a\000t\000i\000o\000n\000\040\000D\000e\000t\000a\000i\000l\000s}{subsection.4.2}% 23
\BOOKMARK [2][-]{subsection.4.3}{\376\377\000R\000e\000s\000u\000l\000t\000s\000\040\000a\000n\000d\000\040\000I\000n\000f\000e\000r\000e\000n\000c\000e\000s}{section.4}% 24
\BOOKMARK [1][-]{section.5}{\376\377\000S\000p\000a\000t\000i\000a\000l\000\040\000R\000e\000s\000o\000l\000u\000t\000i\000o\000n\000\040\000M\000o\000d\000i\000f\000i\000c\000a\000t\000i\000o\000n}{}% 25
\BOOKMARK [2][-]{subsection.5.1}{\376\377\000B\000r\000i\000e\000f\000\040\000D\000e\000s\000c\000r\000i\000p\000t\000i\000o\000n\000\040\000a\000b\000o\000u\000t\000\040\000t\000h\000e\000\040\000T\000h\000e\000o\000r\000y}{section.5}% 26
\BOOKMARK [2][-]{subsection.5.2}{\376\377\000E\000x\000p\000e\000r\000i\000m\000e\000n\000t\000a\000l\000\040\000D\000e\000t\000a\000i\000l\000s}{section.5}% 27
\BOOKMARK [3][-]{subsubsection.5.2.1}{\376\377\000R\000e\000s\000o\000l\000u\000t\000i\000o\000n\000\040\000L\000e\000v\000e\000l\000s\000\040\000a\000n\000d\000\040\000E\000f\000f\000e\000c\000t\000s}{subsection.5.2}% 28
\BOOKMARK [3][-]{subsubsection.5.2.2}{\376\377\000I\000m\000p\000l\000e\000m\000e\000n\000t\000a\000t\000i\000o\000n\000\040\000D\000e\000t\000a\000i\000l\000s}{subsection.5.2}% 29
\BOOKMARK [2][-]{subsection.5.3}{\376\377\000R\000e\000s\000u\000l\000t\000s\000\040\000a\000n\000d\000\040\000I\000n\000f\000e\000r\000e\000n\000c\000e\000s}{section.5}% 30
\BOOKMARK [1][-]{section.6}{\376\377\000I\000n\000t\000e\000r\000p\000o\000l\000a\000t\000i\000o\000n\000\040\000T\000e\000c\000h\000n\000i\000q\000u\000e\000s\000\040\000f\000o\000r\000\040\000I\000m\000a\000g\000e\000\040\000R\000e\000s\000i\000z\000i\000n\000g}{}% 31
\BOOKMARK [2][-]{subsection.6.1}{\376\377\000B\000r\000i\000e\000f\000\040\000D\000e\000s\000c\000r\000i\000p\000t\000i\000o\000n\000\040\000a\000b\000o\000u\000t\000\040\000t\000h\000e\000\040\000T\000h\000e\000o\000r\000y}{section.6}% 32
\BOOKMARK [2][-]{subsection.6.2}{\376\377\000E\000x\000p\000e\000r\000i\000m\000e\000n\000t\000a\000l\000\040\000D\000e\000t\000a\000i\000l\000s}{section.6}% 33
\BOOKMARK [3][-]{subsubsection.6.2.1}{\376\377\000T\000y\000p\000e\000s\000\040\000o\000f\000\040\000I\000n\000t\000e\000r\000p\000o\000l\000a\000t\000i\000o\000n}{subsection.6.2}% 34
\BOOKMARK [3][-]{subsubsection.6.2.2}{\376\377\000I\000m\000p\000l\000e\000m\000e\000n\000t\000a\000t\000i\000o\000n\000\040\000C\000o\000m\000p\000a\000r\000i\000s\000o\000n}{subsection.6.2}% 35
\BOOKMARK [2][-]{subsection.6.3}{\376\377\000R\000e\000s\000u\000l\000t\000s\000\040\000a\000n\000d\000\040\000I\000n\000f\000e\000r\000e\000n\000c\000e\000s}{section.6}% 36
\BOOKMARK [1][-]{section.7}{\376\377\000I\000m\000a\000g\000e\000\040\000B\000l\000u\000r\000r\000i\000n\000g\000\040\000f\000o\000r\000\040\000S\000m\000o\000o\000t\000h\000i\000n\000g\000\040\000a\000n\000d\000\040\000N\000o\000i\000s\000e\000\040\000R\000e\000d\000u\000c\000t\000i\000o\000n}{}% 37
\BOOKMARK [2][-]{subsection.7.1}{\376\377\000B\000r\000i\000e\000f\000\040\000D\000e\000s\000c\000r\000i\000p\000t\000i\000o\000n\000\040\000a\000b\000o\000u\000t\000\040\000t\000h\000e\000\040\000T\000h\000e\000o\000r\000y}{section.7}% 38
\BOOKMARK [2][-]{subsection.7.2}{\376\377\000E\000x\000p\000e\000r\000i\000m\000e\000n\000t\000a\000l\000\040\000D\000e\000t\000a\000i\000l\000s}{section.7}% 39
\BOOKMARK [3][-]{subsubsection.7.2.1}{\376\377\000I\000m\000p\000l\000e\000m\000e\000n\000t\000e\000d\000\040\000B\000l\000u\000r\000r\000i\000n\000g\000\040\000T\000e\000c\000h\000n\000i\000q\000u\000e\000s}{subsection.7.2}% 40
\BOOKMARK [2][-]{subsection.7.3}{\376\377\000R\000e\000s\000u\000l\000t\000s\000\040\000a\000n\000d\000\040\000I\000n\000f\000e\000r\000e\000n\000c\000e\000s}{section.7}% 41
\BOOKMARK [1][-]{section.8}{\376\377\000H\000i\000s\000t\000o\000g\000r\000a\000m\000\040\000P\000r\000o\000c\000e\000s\000s\000i\000n\000g\000\040\000f\000o\000r\000\040\000I\000m\000a\000g\000e\000\040\000E\000n\000h\000a\000n\000c\000e\000m\000e\000n\000t}{}% 42
\BOOKMARK [2][-]{subsection.8.1}{\376\377\000B\000r\000i\000e\000f\000\040\000D\000e\000s\000c\000r\000i\000p\000t\000i\000o\000n\000\040\000a\000b\000o\000u\000t\000\040\000t\000h\000e\000\040\000T\000h\000e\000o\000r\000y}{section.8}% 43
\BOOKMARK [2][-]{subsection.8.2}{\376\377\000E\000x\000p\000e\000r\000i\000m\000e\000n\000t\000a\000l\000\040\000D\000e\000t\000a\000i\000l\000s}{section.8}% 44
\BOOKMARK [3][-]{subsubsection.8.2.1}{\376\377\000I\000m\000p\000l\000e\000m\000e\000n\000t\000e\000d\000\040\000T\000e\000c\000h\000n\000i\000q\000u\000e\000s}{subsection.8.2}% 45
\BOOKMARK [3][-]{subsubsection.8.2.2}{\376\377\000M\000a\000t\000h\000e\000m\000a\000t\000i\000c\000a\000l\000\040\000F\000o\000u\000n\000d\000a\000t\000i\000o\000n}{subsection.8.2}% 46
\BOOKMARK [2][-]{subsection.8.3}{\376\377\000I\000m\000p\000l\000e\000m\000e\000n\000t\000a\000t\000i\000o\000n\000\040\000D\000e\000t\000a\000i\000l\000s}{section.8}% 47
\BOOKMARK [3][-]{subsubsection.8.3.1}{\376\377\000H\000i\000s\000t\000o\000g\000r\000a\000m\000\040\000E\000q\000u\000a\000l\000i\000z\000a\000t\000i\000o\000n}{subsection.8.3}% 48
\BOOKMARK [3][-]{subsubsection.8.3.2}{\376\377\000H\000i\000s\000t\000o\000g\000r\000a\000m\000\040\000M\000a\000t\000c\000h\000i\000n\000g}{subsection.8.3}% 49
\BOOKMARK [2][-]{subsection.8.4}{\376\377\000R\000e\000s\000u\000l\000t\000s\000\040\000a\000n\000d\000\040\000I\000n\000f\000e\000r\000e\000n\000c\000e\000s}{section.8}% 50
\BOOKMARK [1][-]{section.9}{\376\377\000F\000r\000e\000q\000u\000e\000n\000c\000y\000\040\000D\000o\000m\000a\000i\000n\000\040\000F\000i\000l\000t\000e\000r\000i\000n\000g\000\040\000w\000i\000t\000h\000\040\000B\000o\000x\000\040\000F\000i\000l\000t\000e\000r}{}% 51
\BOOKMARK [2][-]{subsection.9.1}{\376\377\000B\000r\000i\000e\000f\000\040\000D\000e\000s\000c\000r\000i\000p\000t\000i\000o\000n\000\040\000a\000b\000o\000u\000t\000\040\000t\000h\000e\000\040\000T\000h\000e\000o\000r\000y}{section.9}% 52
\BOOKMARK [2][-]{subsection.9.2}{\376\377\000E\000x\000p\000e\000r\000i\000m\000e\000n\000t\000a\000l\000\040\000D\000e\000t\000a\000i\000l\000s}{section.9}% 53
\BOOKMARK [3][-]{subsubsection.9.2.1}{\376\377\000I\000m\000p\000l\000e\000m\000e\000n\000t\000e\000d\000\040\000A\000p\000p\000r\000o\000a\000c\000h}{subsection.9.2}% 54
\BOOKMARK [2][-]{subsection.9.3}{\376\377\000T\000e\000c\000h\000n\000i\000c\000a\000l\000\040\000A\000p\000p\000r\000o\000a\000c\000h}{section.9}% 55
\BOOKMARK [3][-]{subsubsection.9.3.1}{\376\377\000I\000m\000a\000g\000e\000\040\000L\000o\000a\000d\000i\000n\000g}{subsection.9.3}% 56
\BOOKMARK [3][-]{subsubsection.9.3.2}{\376\377\000B\000o\000x\000\040\000F\000i\000l\000t\000e\000r\000\040\000C\000r\000e\000a\000t\000i\000o\000n}{subsection.9.3}% 57
\BOOKMARK [3][-]{subsubsection.9.3.3}{\376\377\000F\000r\000e\000q\000u\000e\000n\000c\000y\000\040\000D\000o\000m\000a\000i\000n\000\040\000F\000i\000l\000t\000e\000r\000i\000n\000g}{subsection.9.3}% 58
\BOOKMARK [3][-]{subsubsection.9.3.4}{\376\377\000O\000u\000t\000p\000u\000t\000\040\000P\000r\000o\000c\000e\000s\000s\000i\000n\000g}{subsection.9.3}% 59
\BOOKMARK [2][-]{subsection.9.4}{\376\377\000R\000e\000s\000u\000l\000t\000s\000\040\000a\000n\000d\000\040\000I\000n\000f\000e\000r\000e\000n\000c\000e\000s}{section.9}% 60
\BOOKMARK [1][-]{section.10}{\376\377\000F\000r\000e\000q\000u\000e\000n\000c\000y\000\040\000D\000o\000m\000a\000i\000n\000\040\000F\000i\000l\000t\000e\000r\000i\000n\000g\000\040\000w\000i\000t\000h\000\040\000G\000a\000u\000s\000s\000i\000a\000n\000\040\000F\000i\000l\000t\000e\000r}{}% 61
\BOOKMARK [2][-]{subsection.10.1}{\376\377\000B\000r\000i\000e\000f\000\040\000D\000e\000s\000c\000r\000i\000p\000t\000i\000o\000n\000\040\000a\000b\000o\000u\000t\000\040\000t\000h\000e\000\040\000T\000h\000e\000o\000r\000y}{section.10}% 62
\BOOKMARK [2][-]{subsection.10.2}{\376\377\000E\000x\000p\000e\000r\000i\000m\000e\000n\000t\000a\000l\000\040\000D\000e\000t\000a\000i\000l\000s}{section.10}% 63
\BOOKMARK [3][-]{subsubsection.10.2.1}{\376\377\000I\000m\000p\000l\000e\000m\000e\000n\000t\000e\000d\000\040\000A\000p\000p\000r\000o\000a\000c\000h}{subsection.10.2}% 64
\BOOKMARK [2][-]{subsection.10.3}{\376\377\000T\000e\000c\000h\000n\000i\000c\000a\000l\000\040\000A\000p\000p\000r\000o\000a\000c\000h}{section.10}% 65
\BOOKMARK [3][-]{subsubsection.10.3.1}{\376\377\000I\000m\000a\000g\000e\000\040\000L\000o\000a\000d\000i\000n\000g}{subsection.10.3}% 66
\BOOKMARK [3][-]{subsubsection.10.3.2}{\376\377\000G\000a\000u\000s\000s\000i\000a\000n\000\040\000F\000i\000l\000t\000e\000r\000\040\000C\000r\000e\000a\000t\000i\000o\000n}{subsection.10.3}% 67
\BOOKMARK [3][-]{subsubsection.10.3.3}{\376\377\000F\000r\000e\000q\000u\000e\000n\000c\000y\000\040\000D\000o\000m\000a\000i\000n\000\040\000F\000i\000l\000t\000e\000r\000i\000n\000g}{subsection.10.3}% 68
\BOOKMARK [3][-]{subsubsection.10.3.4}{\376\377\000O\000u\000t\000p\000u\000t\000\040\000P\000r\000o\000c\000e\000s\000s\000i\000n\000g}{subsection.10.3}% 69
\BOOKMARK [2][-]{subsection.10.4}{\376\377\000R\000e\000s\000u\000l\000t\000s\000\040\000a\000n\000d\000\040\000I\000n\000f\000e\000r\000e\000n\000c\000e\000s}{section.10}% 70
\BOOKMARK [1][-]{section.11}{\376\377\000F\000r\000e\000q\000u\000e\000n\000c\000y\000\040\000D\000o\000m\000a\000i\000n\000\040\000F\000i\000l\000t\000e\000r\000i\000n\000g\000\040\000w\000i\000t\000h\000\040\000R\000a\000n\000d\000o\000m\000\040\000F\000i\000l\000t\000e\000r}{}% 71
\BOOKMARK [2][-]{subsection.11.1}{\376\377\000B\000r\000i\000e\000f\000\040\000D\000e\000s\000c\000r\000i\000p\000t\000i\000o\000n\000\040\000a\000b\000o\000u\000t\000\040\000t\000h\000e\000\040\000T\000h\000e\000o\000r\000y}{section.11}% 72
\BOOKMARK [2][-]{subsection.11.2}{\376\377\000E\000x\000p\000e\000r\000i\000m\000e\000n\000t\000a\000l\000\040\000D\000e\000t\000a\000i\000l\000s}{section.11}% 73
\BOOKMARK [3][-]{subsubsection.11.2.1}{\376\377\000I\000m\000p\000l\000e\000m\000e\000n\000t\000e\000d\000\040\000A\000p\000p\000r\000o\000a\000c\000h}{subsection.11.2}% 74
\BOOKMARK [2][-]{subsection.11.3}{\376\377\000T\000e\000c\000h\000n\000i\000c\000a\000l\000\040\000A\000p\000p\000r\000o\000a\000c\000h}{section.11}% 75
\BOOKMARK [3][-]{subsubsection.11.3.1}{\376\377\000I\000m\000a\000g\000e\000\040\000L\000o\000a\000d\000i\000n\000g}{subsection.11.3}% 76
\BOOKMARK [3][-]{subsubsection.11.3.2}{\376\377\000R\000a\000n\000d\000o\000m\000\040\000F\000i\000l\000t\000e\000r\000\040\000C\000r\000e\000a\000t\000i\000o\000n}{subsection.11.3}% 77
\BOOKMARK [3][-]{subsubsection.11.3.3}{\376\377\000F\000r\000e\000q\000u\000e\000n\000c\000y\000\040\000D\000o\000m\000a\000i\000n\000\040\000F\000i\000l\000t\000e\000r\000i\000n\000g}{subsection.11.3}% 78
\BOOKMARK [3][-]{subsubsection.11.3.4}{\376\377\000O\000u\000t\000p\000u\000t\000\040\000P\000r\000o\000c\000e\000s\000s\000i\000n\000g}{subsection.11.3}% 79
\BOOKMARK [2][-]{subsection.11.4}{\376\377\000R\000e\000s\000u\000l\000t\000s\000\040\000a\000n\000d\000\040\000I\000n\000f\000e\000r\000e\000n\000c\000e\000s}{section.11}% 80
\BOOKMARK [1][-]{section.12}{\376\377\000F\000i\000n\000d\000i\000n\000g\000\040\000D\000C\000T\000\040\000o\000f\000\040\000a\000\040\000S\000e\000q\000u\000e\000n\000c\000e}{}% 81
\BOOKMARK [2][-]{subsection.12.1}{\376\377\000B\000r\000i\000e\000f\000\040\000D\000e\000s\000c\000r\000i\000p\000t\000i\000o\000n\000\040\000a\000b\000o\000u\000t\000\040\000t\000h\000e\000\040\000T\000h\000e\000o\000r\000y}{section.12}% 82
\BOOKMARK [2][-]{subsection.12.2}{\376\377\000E\000x\000p\000e\000r\000i\000m\000e\000n\000t\000a\000l\000\040\000D\000e\000t\000a\000i\000l\000s}{section.12}% 83
\BOOKMARK [3][-]{subsubsection.12.2.1}{\376\377\000I\000m\000p\000l\000e\000m\000e\000n\000t\000e\000d\000\040\000A\000p\000p\000r\000o\000a\000c\000h}{subsection.12.2}% 84
\BOOKMARK [2][-]{subsection.12.3}{\376\377\000T\000e\000c\000h\000n\000i\000c\000a\000l\000\040\000A\000p\000p\000r\000o\000a\000c\000h}{section.12}% 85
\BOOKMARK [3][-]{subsubsection.12.3.1}{\376\377\000D\000C\000T\000\040\000C\000o\000m\000p\000u\000t\000a\000t\000i\000o\000n}{subsection.12.3}% 86
\BOOKMARK [3][-]{subsubsection.12.3.2}{\376\377\000C\000o\000e\000f\000f\000i\000c\000i\000e\000n\000t\000\040\000M\000o\000d\000i\000f\000i\000c\000a\000t\000i\000o\000n}{subsection.12.3}% 87
\BOOKMARK [3][-]{subsubsection.12.3.3}{\376\377\000I\000D\000C\000T\000\040\000R\000e\000c\000o\000n\000s\000t\000r\000u\000c\000t\000i\000o\000n}{subsection.12.3}% 88
\BOOKMARK [2][-]{subsection.12.4}{\376\377\000R\000e\000s\000u\000l\000t\000s\000\040\000a\000n\000d\000\040\000I\000n\000f\000e\000r\000e\000n\000c\000e\000s}{section.12}% 89
\BOOKMARK [1][-]{section.13}{\376\377\000S\000e\000q\000u\000e\000n\000c\000e\000\040\000E\000n\000e\000r\000g\000y\000\040\000C\000o\000m\000p\000a\000c\000t\000i\000o\000n}{}% 90
\BOOKMARK [2][-]{subsection.13.1}{\376\377\000B\000r\000i\000e\000f\000\040\000D\000e\000s\000c\000r\000i\000p\000t\000i\000o\000n\000\040\000a\000b\000o\000u\000t\000\040\000t\000h\000e\000\040\000T\000h\000e\000o\000r\000y}{section.13}% 91
\BOOKMARK [2][-]{subsection.13.2}{\376\377\000E\000x\000p\000e\000r\000i\000m\000e\000n\000t\000a\000l\000\040\000D\000e\000t\000a\000i\000l\000s}{section.13}% 92
\BOOKMARK [3][-]{subsubsection.13.2.1}{\376\377\000I\000m\000p\000l\000e\000m\000e\000n\000t\000e\000d\000\040\000A\000p\000p\000r\000o\000a\000c\000h}{subsection.13.2}% 93
\BOOKMARK [2][-]{subsection.13.3}{\376\377\000T\000e\000c\000h\000n\000i\000c\000a\000l\000\040\000A\000p\000p\000r\000o\000a\000c\000h}{section.13}% 94
\BOOKMARK [3][-]{subsubsection.13.3.1}{\376\377\000E\000n\000e\000r\000g\000y\000\040\000C\000o\000m\000p\000u\000t\000a\000t\000i\000o\000n}{subsection.13.3}% 95
\BOOKMARK [3][-]{subsubsection.13.3.2}{\376\377\000D\000C\000T\000\040\000E\000n\000e\000r\000g\000y\000\040\000D\000i\000s\000t\000r\000i\000b\000u\000t\000i\000o\000n}{subsection.13.3}% 96
\BOOKMARK [3][-]{subsubsection.13.3.3}{\376\377\000E\000f\000f\000e\000c\000t\000\040\000o\000f\000\040\000C\000o\000e\000f\000f\000i\000c\000i\000e\000n\000t\000\040\000M\000o\000d\000i\000f\000i\000c\000a\000t\000i\000o\000n}{subsection.13.3}% 97
\BOOKMARK [2][-]{subsection.13.4}{\376\377\000R\000e\000s\000u\000l\000t\000s\000\040\000a\000n\000d\000\040\000I\000n\000f\000e\000r\000e\000n\000c\000e\000s}{section.13}% 98
\BOOKMARK [1][-]{section.14}{\376\377\000I\000m\000a\000g\000e\000\040\000E\000n\000e\000r\000g\000y\000\040\000C\000o\000m\000p\000a\000c\000t\000i\000o\000n}{}% 99
\BOOKMARK [2][-]{subsection.14.1}{\376\377\000B\000r\000i\000e\000f\000\040\000D\000e\000s\000c\000r\000i\000p\000t\000i\000o\000n\000\040\000a\000b\000o\000u\000t\000\040\000t\000h\000e\000\040\000T\000h\000e\000o\000r\000y}{section.14}% 100
\BOOKMARK [2][-]{subsection.14.2}{\376\377\000E\000x\000p\000e\000r\000i\000m\000e\000n\000t\000a\000l\000\040\000D\000e\000t\000a\000i\000l\000s}{section.14}% 101
\BOOKMARK [3][-]{subsubsection.14.2.1}{\376\377\000I\000m\000p\000l\000e\000m\000e\000n\000t\000e\000d\000\040\000A\000p\000p\000r\000o\000a\000c\000h}{subsection.14.2}% 102
\BOOKMARK [2][-]{subsection.14.3}{\376\377\000T\000e\000c\000h\000n\000i\000c\000a\000l\000\040\000A\000p\000p\000r\000o\000a\000c\000h}{section.14}% 103
\BOOKMARK [3][-]{subsubsection.14.3.1}{\376\377\0002\000D\000\040\000D\000C\000T\000\040\000C\000o\000m\000p\000u\000t\000a\000t\000i\000o\000n}{subsection.14.3}% 104
\BOOKMARK [3][-]{subsubsection.14.3.2}{\376\377\000C\000o\000e\000f\000f\000i\000c\000i\000e\000n\000t\000\040\000C\000u\000t\000o\000f\000f}{subsection.14.3}% 105
\BOOKMARK [3][-]{subsubsection.14.3.3}{\376\377\000I\000m\000a\000g\000e\000\040\000R\000e\000c\000o\000n\000s\000t\000r\000u\000c\000t\000i\000o\000n\000\040\000v\000i\000a\000\040\000I\000D\000C\000T}{subsection.14.3}% 106
\BOOKMARK [2][-]{subsection.14.4}{\376\377\000R\000e\000s\000u\000l\000t\000s\000\040\000a\000n\000d\000\040\000I\000n\000f\000e\000r\000e\000n\000c\000e\000s}{section.14}% 107
\BOOKMARK [1][-]{section.15}{\376\377\000W\000a\000v\000e\000l\000e\000t\000\040\000D\000e\000c\000o\000m\000p\000o\000s\000i\000t\000i\000o\000n}{}% 108
\BOOKMARK [2][-]{subsection.15.1}{\376\377\000B\000r\000i\000e\000f\000\040\000D\000e\000s\000c\000r\000i\000p\000t\000i\000o\000n\000\040\000a\000b\000o\000u\000t\000\040\000t\000h\000e\000\040\000T\000h\000e\000o\000r\000y}{section.15}% 109
\BOOKMARK [2][-]{subsection.15.2}{\376\377\000T\000e\000c\000h\000n\000i\000c\000a\000l\000\040\000B\000a\000c\000k\000g\000r\000o\000u\000n\000d}{section.15}% 110
\BOOKMARK [2][-]{subsection.15.3}{\376\377\000I\000m\000p\000l\000e\000m\000e\000n\000t\000a\000t\000i\000o\000n\000\040\000D\000e\000t\000a\000i\000l\000s}{section.15}% 111
\BOOKMARK [3][-]{subsubsection.15.3.1}{\376\377\000D\000e\000c\000o\000m\000p\000o\000s\000i\000t\000i\000o\000n\000\040\000P\000r\000o\000c\000e\000s\000s}{subsection.15.3}% 112
\BOOKMARK [2][-]{subsection.15.4}{\376\377\000R\000e\000s\000u\000l\000t\000s\000\040\000a\000n\000d\000\040\000I\000n\000f\000e\000r\000e\000n\000c\000e\000s}{section.15}% 113
\BOOKMARK [1][-]{section.16}{\376\377\000W\000a\000v\000e\000l\000e\000t\000-\000B\000a\000s\000e\000d\000\040\000I\000m\000a\000g\000e\000\040\000D\000e\000n\000o\000i\000s\000i\000n\000g}{}% 114
\BOOKMARK [2][-]{subsection.16.1}{\376\377\000B\000r\000i\000e\000f\000\040\000D\000e\000s\000c\000r\000i\000p\000t\000i\000o\000n\000\040\000a\000b\000o\000u\000t\000\040\000t\000h\000e\000\040\000T\000h\000e\000o\000r\000y}{section.16}% 115
\BOOKMARK [2][-]{subsection.16.2}{\376\377\000T\000e\000c\000h\000n\000i\000c\000a\000l\000\040\000B\000a\000c\000k\000g\000r\000o\000u\000n\000d}{section.16}% 116
\BOOKMARK [2][-]{subsection.16.3}{\376\377\000I\000m\000p\000l\000e\000m\000e\000n\000t\000a\000t\000i\000o\000n\000\040\000D\000e\000t\000a\000i\000l\000s}{section.16}% 117
\BOOKMARK [3][-]{subsubsection.16.3.1}{\376\377\000P\000r\000o\000c\000e\000s\000s\000i\000n\000g\000\040\000S\000t\000e\000p\000s}{subsection.16.3}% 118
\BOOKMARK [2][-]{subsection.16.4}{\376\377\000R\000e\000s\000u\000l\000t\000s\000\040\000a\000n\000d\000\040\000I\000n\000f\000e\000r\000e\000n\000c\000e\000s}{section.16}% 119
\BOOKMARK [1][-]{section.17}{\376\377\000E\000d\000g\000e\000\040\000D\000e\000t\000e\000c\000t\000i\000o\000n\000\040\000T\000e\000c\000h\000n\000i\000q\000u\000e\000s}{}% 120
\BOOKMARK [2][-]{subsection.17.1}{\376\377\000B\000r\000i\000e\000f\000\040\000D\000e\000s\000c\000r\000i\000p\000t\000i\000o\000n\000\040\000a\000b\000o\000u\000t\000\040\000t\000h\000e\000\040\000T\000h\000e\000o\000r\000y}{section.17}% 121
\BOOKMARK [2][-]{subsection.17.2}{\376\377\000T\000e\000c\000h\000n\000i\000c\000a\000l\000\040\000B\000a\000c\000k\000g\000r\000o\000u\000n\000d}{section.17}% 122
\BOOKMARK [2][-]{subsection.17.3}{\376\377\000I\000m\000p\000l\000e\000m\000e\000n\000t\000a\000t\000i\000o\000n\000\040\000D\000e\000t\000a\000i\000l\000s}{section.17}% 123
\BOOKMARK [3][-]{subsubsection.17.3.1}{\376\377\000I\000m\000a\000g\000e\000\040\000P\000r\000e\000p\000r\000o\000c\000e\000s\000s\000i\000n\000g}{subsection.17.3}% 124
\BOOKMARK [3][-]{subsubsection.17.3.2}{\376\377\000E\000d\000g\000e\000\040\000D\000e\000t\000e\000c\000t\000i\000o\000n\000\040\000M\000e\000t\000h\000o\000d\000s}{subsection.17.3}% 125
\BOOKMARK [2][-]{subsection.17.4}{\376\377\000R\000e\000s\000u\000l\000t\000s\000\040\000a\000n\000d\000\040\000I\000n\000f\000e\000r\000e\000n\000c\000e\000s}{section.17}% 126
\BOOKMARK [1][-]{section.18}{\376\377\000I\000m\000a\000g\000e\000\040\000R\000e\000s\000t\000o\000r\000a\000t\000i\000o\000n\000\040\000T\000e\000c\000h\000n\000i\000q\000u\000e\000s}{}% 127
\BOOKMARK [2][-]{subsection.18.1}{\376\377\000B\000r\000i\000e\000f\000\040\000D\000e\000s\000c\000r\000i\000p\000t\000i\000o\000n\000\040\000a\000b\000o\000u\000t\000\040\000t\000h\000e\000\040\000T\000h\000e\000o\000r\000y}{section.18}% 128
\BOOKMARK [2][-]{subsection.18.2}{\376\377\000T\000e\000c\000h\000n\000i\000c\000a\000l\000\040\000B\000a\000c\000k\000g\000r\000o\000u\000n\000d}{section.18}% 129
\BOOKMARK [2][-]{subsection.18.3}{\376\377\000I\000m\000p\000l\000e\000m\000e\000n\000t\000a\000t\000i\000o\000n\000\040\000D\000e\000t\000a\000i\000l\000s}{section.18}% 130
\BOOKMARK [3][-]{subsubsection.18.3.1}{\376\377\000I\000m\000a\000g\000e\000\040\000D\000e\000g\000r\000a\000d\000a\000t\000i\000o\000n}{subsection.18.3}% 131
\BOOKMARK [3][-]{subsubsection.18.3.2}{\376\377\000R\000e\000s\000t\000o\000r\000a\000t\000i\000o\000n\000\040\000M\000e\000t\000h\000o\000d\000s}{subsection.18.3}% 132
\BOOKMARK [3][-]{subsubsection.18.3.3}{\376\377\000Q\000u\000a\000l\000i\000t\000y\000\040\000A\000s\000s\000e\000s\000s\000m\000e\000n\000t}{subsection.18.3}% 133
\BOOKMARK [2][-]{subsection.18.4}{\376\377\000R\000e\000s\000u\000l\000t\000s\000\040\000a\000n\000d\000\040\000I\000n\000f\000e\000r\000e\000n\000c\000e\000s}{section.18}% 134
