This is pdfTeX, Version 3.141592653-2.6-1.40.27 (TeX Live 2025) (preloaded format=pdflatex 2025.3.12)  12 MAR 2025 14:46
entering extended mode
 restricted \write18 enabled.
 file:line:error style messages enabled.
 %&-line parsing enabled.
**/Users/vishal/Projects/Image/Final.tex
(/Users/vishal/Projects/Image/Final.tex
LaTeX2e <2024-11-01> patch level 2
L3 programming layer <2025-01-18>
(/usr/local/texlive/2025/texmf-dist/tex/latex/base/article.cls
Document Class: article 2024/06/29 v1.4n Standard LaTeX document class
(/usr/local/texlive/2025/texmf-dist/tex/latex/base/size12.clo
File: size12.clo 2024/06/29 v1.4n Standard LaTeX file (size option)
)
\c@part=\count196
\c@section=\count197
\c@subsection=\count198
\c@subsubsection=\count199
\c@paragraph=\count266
\c@subparagraph=\count267
\c@figure=\count268
\c@table=\count269
\abovecaptionskip=\skip49
\belowcaptionskip=\skip50
\bibindent=\dimen141
) (/usr/local/texlive/2025/texmf-dist/tex/latex/base/inputenc.sty
Package: inputenc 2024/02/08 v1.3d Input encoding file
\inpenc@prehook=\toks17
\inpenc@posthook=\toks18
) (/usr/local/texlive/2025/texmf-dist/tex/latex/graphics/graphicx.sty
Package: graphicx 2021/09/16 v1.2d Enhanced LaTeX Graphics (DPC,SPQR)
 (/usr/local/texlive/2025/texmf-dist/tex/latex/graphics/keyval.sty
Package: keyval 2022/05/29 v1.15 key=value parser (DPC)
\KV@toks@=\toks19
) (/usr/local/texlive/2025/texmf-dist/tex/latex/graphics/graphics.sty
Package: graphics 2024/08/06 v1.4g Standard LaTeX Graphics (DPC,SPQR)
 (/usr/local/texlive/2025/texmf-dist/tex/latex/graphics/trig.sty
Package: trig 2023/12/02 v1.11 sin cos tan (DPC)
) (/usr/local/texlive/2025/texmf-dist/tex/latex/graphics-cfg/graphics.cfg
File: graphics.cfg 2016/06/04 v1.11 sample graphics configuration
)
Package graphics Info: Driver file: pdftex.def on input line 106.
 (/usr/local/texlive/2025/texmf-dist/tex/latex/graphics-def/pdftex.def
File: pdftex.def 2024/04/13 v1.2c Graphics/color driver for pdftex
))
\Gin@req@height=\dimen142
\Gin@req@width=\dimen143
) (/usr/local/texlive/2025/texmf-dist/tex/latex/float/float.sty
Package: float 2001/11/08 v1.3d Float enhancements (AL)
\c@float@type=\count270
\float@exts=\toks20
\float@box=\box52
\@float@everytoks=\toks21
\@floatcapt=\box53
) (/usr/local/texlive/2025/texmf-dist/tex/latex/amsmath/amsmath.sty
Package: amsmath 2024/11/05 v2.17t AMS math features
\@mathmargin=\skip51

For additional information on amsmath, use the `?' option.
(/usr/local/texlive/2025/texmf-dist/tex/latex/amsmath/amstext.sty
Package: amstext 2021/08/26 v2.01 AMS text
 (/usr/local/texlive/2025/texmf-dist/tex/latex/amsmath/amsgen.sty
File: amsgen.sty 1999/11/30 v2.0 generic functions
\@emptytoks=\toks22
\ex@=\dimen144
)) (/usr/local/texlive/2025/texmf-dist/tex/latex/amsmath/amsbsy.sty
Package: amsbsy 1999/11/29 v1.2d Bold Symbols
\pmbraise@=\dimen145
) (/usr/local/texlive/2025/texmf-dist/tex/latex/amsmath/amsopn.sty
Package: amsopn 2022/04/08 v2.04 operator names
)
\inf@bad=\count271
LaTeX Info: Redefining \frac on input line 233.
\uproot@=\count272
\leftroot@=\count273
LaTeX Info: Redefining \overline on input line 398.
LaTeX Info: Redefining \colon on input line 409.
\classnum@=\count274
\DOTSCASE@=\count275
LaTeX Info: Redefining \ldots on input line 495.
LaTeX Info: Redefining \dots on input line 498.
LaTeX Info: Redefining \cdots on input line 619.
\Mathstrutbox@=\box54
\strutbox@=\box55
LaTeX Info: Redefining \big on input line 721.
LaTeX Info: Redefining \Big on input line 722.
LaTeX Info: Redefining \bigg on input line 723.
LaTeX Info: Redefining \Bigg on input line 724.
\big@size=\dimen146
LaTeX Font Info:    Redeclaring font encoding OML on input line 742.
LaTeX Font Info:    Redeclaring font encoding OMS on input line 743.
\macc@depth=\count276
LaTeX Info: Redefining \bmod on input line 904.
LaTeX Info: Redefining \pmod on input line 909.
LaTeX Info: Redefining \smash on input line 939.
LaTeX Info: Redefining \relbar on input line 969.
LaTeX Info: Redefining \Relbar on input line 970.
\c@MaxMatrixCols=\count277
\dotsspace@=\muskip17
\c@parentequation=\count278
\dspbrk@lvl=\count279
\tag@help=\toks23
\row@=\count280
\column@=\count281
\maxfields@=\count282
\andhelp@=\toks24
\eqnshift@=\dimen147
\alignsep@=\dimen148
\tagshift@=\dimen149
\tagwidth@=\dimen150
\totwidth@=\dimen151
\lineht@=\dimen152
\@envbody=\toks25
\multlinegap=\skip52
\multlinetaggap=\skip53
\mathdisplay@stack=\toks26
LaTeX Info: Redefining \[ on input line 2953.
LaTeX Info: Redefining \] on input line 2954.
) (/usr/local/texlive/2025/texmf-dist/tex/latex/listings/listings.sty
\lst@mode=\count283
\lst@gtempboxa=\box56
\lst@token=\toks27
\lst@length=\count284
\lst@currlwidth=\dimen153
\lst@column=\count285
\lst@pos=\count286
\lst@lostspace=\dimen154
\lst@width=\dimen155
\lst@newlines=\count287
\lst@lineno=\count288
\lst@maxwidth=\dimen156
 (/usr/local/texlive/2025/texmf-dist/tex/latex/listings/lstpatch.sty
File: lstpatch.sty 2024/09/23 1.10c (Carsten Heinz)
) (/usr/local/texlive/2025/texmf-dist/tex/latex/listings/lstmisc.sty
File: lstmisc.sty 2024/09/23 1.10c (Carsten Heinz)
\c@lstnumber=\count289
\lst@skipnumbers=\count290
\lst@framebox=\box57
) (/usr/local/texlive/2025/texmf-dist/tex/latex/listings/listings.cfg
File: listings.cfg 2024/09/23 1.10c listings configuration
))
Package: listings 2024/09/23 1.10c (Carsten Heinz)
 (/usr/local/texlive/2025/texmf-dist/tex/latex/hyperref/hyperref.sty
Package: hyperref 2024-11-05 v7.01l Hypertext links for LaTeX
 (/usr/local/texlive/2025/texmf-dist/tex/generic/iftex/iftex.sty
Package: iftex 2024/12/12 v1.0g TeX engine tests
) (/usr/local/texlive/2025/texmf-dist/tex/latex/kvsetkeys/kvsetkeys.sty
Package: kvsetkeys 2022-10-05 v1.19 Key value parser (HO)
) (/usr/local/texlive/2025/texmf-dist/tex/generic/kvdefinekeys/kvdefinekeys.sty
Package: kvdefinekeys 2019-12-19 v1.6 Define keys (HO)
) (/usr/local/texlive/2025/texmf-dist/tex/generic/pdfescape/pdfescape.sty
Package: pdfescape 2019/12/09 v1.15 Implements pdfTeX's escape features (HO)
 (/usr/local/texlive/2025/texmf-dist/tex/generic/ltxcmds/ltxcmds.sty
Package: ltxcmds 2023-12-04 v1.26 LaTeX kernel commands for general use (HO)
) (/usr/local/texlive/2025/texmf-dist/tex/generic/pdftexcmds/pdftexcmds.sty
Package: pdftexcmds 2020-06-27 v0.33 Utility functions of pdfTeX for LuaTeX (HO)
 (/usr/local/texlive/2025/texmf-dist/tex/generic/infwarerr/infwarerr.sty
Package: infwarerr 2019/12/03 v1.5 Providing info/warning/error messages (HO)
)
Package pdftexcmds Info: \pdf@primitive is available.
Package pdftexcmds Info: \pdf@ifprimitive is available.
Package pdftexcmds Info: \pdfdraftmode found.
)) (/usr/local/texlive/2025/texmf-dist/tex/latex/hycolor/hycolor.sty
Package: hycolor 2020-01-27 v1.10 Color options for hyperref/bookmark (HO)
) (/usr/local/texlive/2025/texmf-dist/tex/latex/hyperref/nameref.sty
Package: nameref 2023-11-26 v2.56 Cross-referencing by name of section
 (/usr/local/texlive/2025/texmf-dist/tex/latex/refcount/refcount.sty
Package: refcount 2019/12/15 v3.6 Data extraction from label references (HO)
) (/usr/local/texlive/2025/texmf-dist/tex/generic/gettitlestring/gettitlestring.sty
Package: gettitlestring 2019/12/15 v1.6 Cleanup title references (HO)
 (/usr/local/texlive/2025/texmf-dist/tex/latex/kvoptions/kvoptions.sty
Package: kvoptions 2022-06-15 v3.15 Key value format for package options (HO)
))
\c@section@level=\count291
) (/usr/local/texlive/2025/texmf-dist/tex/latex/etoolbox/etoolbox.sty
Package: etoolbox 2025/02/11 v2.5l e-TeX tools for LaTeX (JAW)
\etb@tempcnta=\count292
) (/usr/local/texlive/2025/texmf-dist/tex/generic/stringenc/stringenc.sty
Package: stringenc 2019/11/29 v1.12 Convert strings between diff. encodings (HO)
)
\@linkdim=\dimen157
\Hy@linkcounter=\count293
\Hy@pagecounter=\count294
 (/usr/local/texlive/2025/texmf-dist/tex/latex/hyperref/pd1enc.def
File: pd1enc.def 2024-11-05 v7.01l Hyperref: PDFDocEncoding definition (HO)
Now handling font encoding PD1 ...
... no UTF-8 mapping file for font encoding PD1
) (/usr/local/texlive/2025/texmf-dist/tex/generic/intcalc/intcalc.sty
Package: intcalc 2019/12/15 v1.3 Expandable calculations with integers (HO)
)
\Hy@SavedSpaceFactor=\count295
 (/usr/local/texlive/2025/texmf-dist/tex/latex/hyperref/puenc.def
File: puenc.def 2024-11-05 v7.01l Hyperref: PDF Unicode definition (HO)
Now handling font encoding PU ...
... no UTF-8 mapping file for font encoding PU
)
Package hyperref Info: Hyper figures OFF on input line 4157.
Package hyperref Info: Link nesting OFF on input line 4162.
Package hyperref Info: Hyper index ON on input line 4165.
Package hyperref Info: Plain pages OFF on input line 4172.
Package hyperref Info: Backreferencing OFF on input line 4177.
Package hyperref Info: Implicit mode ON; LaTeX internals redefined.
Package hyperref Info: Bookmarks ON on input line 4424.
\c@Hy@tempcnt=\count296
 (/usr/local/texlive/2025/texmf-dist/tex/latex/url/url.sty
\Urlmuskip=\muskip18
Package: url 2013/09/16  ver 3.4  Verb mode for urls, etc.
)
LaTeX Info: Redefining \url on input line 4763.
\XeTeXLinkMargin=\dimen158
 (/usr/local/texlive/2025/texmf-dist/tex/generic/bitset/bitset.sty
Package: bitset 2019/12/09 v1.3 Handle bit-vector datatype (HO)
 (/usr/local/texlive/2025/texmf-dist/tex/generic/bigintcalc/bigintcalc.sty
Package: bigintcalc 2019/12/15 v1.5 Expandable calculations on big integers (HO)
))
\Fld@menulength=\count297
\Field@Width=\dimen159
\Fld@charsize=\dimen160
Package hyperref Info: Hyper figures OFF on input line 6042.
Package hyperref Info: Link nesting OFF on input line 6047.
Package hyperref Info: Hyper index ON on input line 6050.
Package hyperref Info: backreferencing OFF on input line 6057.
Package hyperref Info: Link coloring OFF on input line 6062.
Package hyperref Info: Link coloring with OCG OFF on input line 6067.
Package hyperref Info: PDF/A mode OFF on input line 6072.
 (/usr/local/texlive/2025/texmf-dist/tex/latex/base/atbegshi-ltx.sty
Package: atbegshi-ltx 2021/01/10 v1.0c Emulation of the original atbegshi
package with kernel methods
)
\Hy@abspage=\count298
\c@Item=\count299
\c@Hfootnote=\count300
)
Package hyperref Info: Driver (autodetected): hpdftex.
 (/usr/local/texlive/2025/texmf-dist/tex/latex/hyperref/hpdftex.def
File: hpdftex.def 2024-11-05 v7.01l Hyperref driver for pdfTeX
 (/usr/local/texlive/2025/texmf-dist/tex/latex/base/atveryend-ltx.sty
Package: atveryend-ltx 2020/08/19 v1.0a Emulation of the original atveryend package
with kernel methods
)
\Fld@listcount=\count301
\c@bookmark@seq@number=\count302
 (/usr/local/texlive/2025/texmf-dist/tex/latex/rerunfilecheck/rerunfilecheck.sty
Package: rerunfilecheck 2022-07-10 v1.10 Rerun checks for auxiliary files (HO)
 (/usr/local/texlive/2025/texmf-dist/tex/generic/uniquecounter/uniquecounter.sty
Package: uniquecounter 2019/12/15 v1.4 Provide unlimited unique counter (HO)
)
Package uniquecounter Info: New unique counter `rerunfilecheck' on input line 285.
)
\Hy@SectionHShift=\skip54
) (/usr/local/texlive/2025/texmf-dist/tex/latex/geometry/geometry.sty
Package: geometry 2020/01/02 v5.9 Page Geometry
 (/usr/local/texlive/2025/texmf-dist/tex/generic/iftex/ifvtex.sty
Package: ifvtex 2019/10/25 v1.7 ifvtex legacy package. Use iftex instead.
)
\Gm@cnth=\count303
\Gm@cntv=\count304
\c@Gm@tempcnt=\count305
\Gm@bindingoffset=\dimen161
\Gm@wd@mp=\dimen162
\Gm@odd@mp=\dimen163
\Gm@even@mp=\dimen164
\Gm@layoutwidth=\dimen165
\Gm@layoutheight=\dimen166
\Gm@layouthoffset=\dimen167
\Gm@layoutvoffset=\dimen168
\Gm@dimlist=\toks28
) (/usr/local/texlive/2025/texmf-dist/tex/latex/caption/subcaption.sty
Package: subcaption 2023/07/28 v1.6b Sub-captions (AR)
 (/usr/local/texlive/2025/texmf-dist/tex/latex/caption/caption.sty
Package: caption 2023/08/05 v3.6o Customizing captions (AR)
 (/usr/local/texlive/2025/texmf-dist/tex/latex/caption/caption3.sty
Package: caption3 2023/07/31 v2.4d caption3 kernel (AR)
\caption@tempdima=\dimen169
\captionmargin=\dimen170
\caption@leftmargin=\dimen171
\caption@rightmargin=\dimen172
\caption@width=\dimen173
\caption@indent=\dimen174
\caption@parindent=\dimen175
\caption@hangindent=\dimen176
Package caption Info: Standard document class detected.
)
\c@caption@flags=\count306
\c@continuedfloat=\count307
Package caption Info: float package is loaded.
Package caption Info: hyperref package is loaded.
Package caption Info: listings package is loaded.
)
Package caption Info: New subtype `subfigure' on input line 238.
\c@subfigure=\count308
Package caption Info: New subtype `subtable' on input line 238.
\c@subtable=\count309
)
Package hyperref Info: Option `colorlinks' set `false' on input line 20.
 (/usr/local/texlive/2025/texmf-dist/tex/latex/l3backend/l3backend-pdftex.def
File: l3backend-pdftex.def 2024-05-08 L3 backend support: PDF output (pdfTeX)
\l__color_backend_stack_int=\count310
\l__pdf_internal_box=\box58
) (./Final.aux)
\openout1 = `Final.aux'.

LaTeX Font Info:    Checking defaults for OML/cmm/m/it on input line 27.
LaTeX Font Info:    ... okay on input line 27.
LaTeX Font Info:    Checking defaults for OMS/cmsy/m/n on input line 27.
LaTeX Font Info:    ... okay on input line 27.
LaTeX Font Info:    Checking defaults for OT1/cmr/m/n on input line 27.
LaTeX Font Info:    ... okay on input line 27.
LaTeX Font Info:    Checking defaults for T1/cmr/m/n on input line 27.
LaTeX Font Info:    ... okay on input line 27.
LaTeX Font Info:    Checking defaults for TS1/cmr/m/n on input line 27.
LaTeX Font Info:    ... okay on input line 27.
LaTeX Font Info:    Checking defaults for OMX/cmex/m/n on input line 27.
LaTeX Font Info:    ... okay on input line 27.
LaTeX Font Info:    Checking defaults for U/cmr/m/n on input line 27.
LaTeX Font Info:    ... okay on input line 27.
LaTeX Font Info:    Checking defaults for PD1/pdf/m/n on input line 27.
LaTeX Font Info:    ... okay on input line 27.
LaTeX Font Info:    Checking defaults for PU/pdf/m/n on input line 27.
LaTeX Font Info:    ... okay on input line 27.
 (/usr/local/texlive/2025/texmf-dist/tex/context/base/mkii/supp-pdf.mkii
[Loading MPS to PDF converter (version 2006.09.02).]
\scratchcounter=\count311
\scratchdimen=\dimen177
\scratchbox=\box59
\nofMPsegments=\count312
\nofMParguments=\count313
\everyMPshowfont=\toks29
\MPscratchCnt=\count314
\MPscratchDim=\dimen178
\MPnumerator=\count315
\makeMPintoPDFobject=\count316
\everyMPtoPDFconversion=\toks30
) (/usr/local/texlive/2025/texmf-dist/tex/latex/epstopdf-pkg/epstopdf-base.sty
Package: epstopdf-base 2020-01-24 v2.11 Base part for package epstopdf
Package epstopdf-base Info: Redefining graphics rule for `.eps' on input line 485.
 (/usr/local/texlive/2025/texmf-dist/tex/latex/latexconfig/epstopdf-sys.cfg
File: epstopdf-sys.cfg 2010/07/13 v1.3 Configuration of (r)epstopdf for TeX Live
))
\c@lstlisting=\count317
Package hyperref Info: Link coloring OFF on input line 27.
 (./Final.out) (./Final.out)
\@outlinefile=\write3
\openout3 = `Final.out'.


*geometry* driver: auto-detecting
*geometry* detected driver: pdftex
*geometry* verbose mode - [ preamble ] result:
* driver: pdftex
* paper: a4paper
* layout: <same size as paper>
* layoutoffset:(h,v)=(0.0pt,0.0pt)
* modes: 
* h-part:(L,W,R)=(56.9055pt, 483.69684pt, 56.90553pt)
* v-part:(T,H,B)=(56.9055pt, 731.23582pt, 56.90552pt)
* \paperwidth=597.50787pt
* \paperheight=845.04684pt
* \textwidth=483.69684pt
* \textheight=731.23582pt
* \oddsidemargin=-15.36449pt
* \evensidemargin=-15.36449pt
* \topmargin=-52.36449pt
* \headheight=12.0pt
* \headsep=25.0pt
* \topskip=12.0pt
* \footskip=30.0pt
* \marginparwidth=35.0pt
* \marginparsep=10.0pt
* \columnsep=10.0pt
* \skip\footins=10.8pt plus 4.0pt minus 2.0pt
* \hoffset=0.0pt
* \voffset=0.0pt
* \mag=1000
* \@twocolumnfalse
* \@twosidefalse
* \@mparswitchfalse
* \@reversemarginfalse
* (1in=72.27pt=25.4mm, 1cm=28.453pt)

Package caption Info: Begin \AtBeginDocument code.
Package caption Info: End \AtBeginDocument code.
(./Final.toc

[1

{/usr/local/texlive/2025/texmf-var/fonts/map/pdftex/updmap/pdftex.map}]

[2])
\tf@toc=\write4
\openout4 = `Final.toc'.



[3]
<output/eye_detection/eye_detection_result.jpg, id=619, 628.3475pt x 418.56375pt>
File: output/eye_detection/eye_detection_result.jpg Graphic file (type jpg)
<use output/eye_detection/eye_detection_result.jpg>
Package pdftex.def Info: output/eye_detection/eye_detection_result.jpg  used on input line 76.
(pdftex.def)             Requested size: 338.5863pt x 225.54204pt.


[4{/usr/local/texlive/2025/texmf-dist/fonts/enc/dvips/cm-super/cm-super-ts1.enc}]

[5 <./output/eye_detection/eye_detection_result.jpg>]
<output/transformations/translated.jpg, id=634, 730.73pt x 411.5375pt>
File: output/transformations/translated.jpg Graphic file (type jpg)
<use output/transformations/translated.jpg>
Package pdftex.def Info: output/transformations/translated.jpg  used on input line 110.
(pdftex.def)             Requested size: 217.6621pt x 122.58305pt.
<output/transformations/rotated.jpg, id=635, 730.73pt x 411.5375pt>
File: output/transformations/rotated.jpg Graphic file (type jpg)
<use output/transformations/rotated.jpg>
Package pdftex.def Info: output/transformations/rotated.jpg  used on input line 115.
(pdftex.def)             Requested size: 217.6621pt x 122.58305pt.
<output/transformations/scaled.jpg, id=636, 1096.095pt x 617.30624pt>
File: output/transformations/scaled.jpg Graphic file (type jpg)
<use output/transformations/scaled.jpg>
Package pdftex.def Info: output/transformations/scaled.jpg  used on input line 120.
(pdftex.def)             Requested size: 217.6621pt x 122.58305pt.
<output/transformations/affine.jpg, id=637, 730.73pt x 411.5375pt>
File: output/transformations/affine.jpg Graphic file (type jpg)
<use output/transformations/affine.jpg>
Package pdftex.def Info: output/transformations/affine.jpg  used on input line 125.
(pdftex.def)             Requested size: 217.6621pt x 122.58305pt.


[6]

[7 <./output/transformations/translated.jpg> <./output/transformations/rotated.jpg> <./output/transformations/scaled.jpg> <./output/transformations/affine.jpg>]
<output/grayscale/grayscale_custom.png, id=652, 730.73pt x 411.5375pt>
File: output/grayscale/grayscale_custom.png Graphic file (type png)
<use output/grayscale/grayscale_custom.png>
Package pdftex.def Info: output/grayscale/grayscale_custom.png  used on input line 186.
(pdftex.def)             Requested size: 386.95894pt x 217.93173pt.
<output/grayscale/grayscale_opencv.jpg, id=653, 730.73pt x 411.5375pt>
File: output/grayscale/grayscale_opencv.jpg Graphic file (type jpg)
<use output/grayscale/grayscale_opencv.jpg>
Package pdftex.def Info: output/grayscale/grayscale_opencv.jpg  used on input line 192.
(pdftex.def)             Requested size: 386.95894pt x 217.93173pt.


[8]

[9 <./output/grayscale/grayscale_custom.png> <./output/grayscale/grayscale_opencv.jpg>]
<output/intensity/reduced_8bit.jpg, id=669, 730.73pt x 411.5375pt>
File: output/intensity/reduced_8bit.jpg Graphic file (type jpg)
<use output/intensity/reduced_8bit.jpg>
Package pdftex.def Info: output/intensity/reduced_8bit.jpg  used on input line 249.
(pdftex.def)             Requested size: 386.95894pt x 217.93173pt.
<output/intensity/reduced_4bit.jpg, id=670, 730.73pt x 411.5375pt>
File: output/intensity/reduced_4bit.jpg Graphic file (type jpg)
<use output/intensity/reduced_4bit.jpg>
Package pdftex.def Info: output/intensity/reduced_4bit.jpg  used on input line 255.
(pdftex.def)             Requested size: 386.95894pt x 217.93173pt.


[10]

[11 <./output/intensity/reduced_8bit.jpg> <./output/intensity/reduced_4bit.jpg>]
<output/spatial/spatial_reduced_100percent.jpg, id=685, 730.73pt x 411.5375pt>
File: output/spatial/spatial_reduced_100percent.jpg Graphic file (type jpg)
<use output/spatial/spatial_reduced_100percent.jpg>
Package pdftex.def Info: output/spatial/spatial_reduced_100percent.jpg  used on input line 303.
(pdftex.def)             Requested size: 386.95894pt x 217.93173pt.
<output/spatial/spatial_reduced_25percent.jpg, id=686, 730.73pt x 411.5375pt>
File: output/spatial/spatial_reduced_25percent.jpg Graphic file (type jpg)
<use output/spatial/spatial_reduced_25percent.jpg>
Package pdftex.def Info: output/spatial/spatial_reduced_25percent.jpg  used on input line 311.
(pdftex.def)             Requested size: 154.78653pt x 87.17268pt.
<output/spatial/spatial_reduced_50percent.jpg, id=687, 730.73pt x 411.5375pt>
File: output/spatial/spatial_reduced_50percent.jpg Graphic file (type jpg)
<use output/spatial/spatial_reduced_50percent.jpg>
Package pdftex.def Info: output/spatial/spatial_reduced_50percent.jpg  used on input line 317.
(pdftex.def)             Requested size: 154.78653pt x 87.17268pt.
<output/spatial/spatial_reduced_75percent.jpg, id=688, 730.73pt x 411.5375pt>
File: output/spatial/spatial_reduced_75percent.jpg Graphic file (type jpg)
<use output/spatial/spatial_reduced_75percent.jpg>
Package pdftex.def Info: output/spatial/spatial_reduced_75percent.jpg  used on input line 323.
(pdftex.def)             Requested size: 154.78653pt x 87.17268pt.


[12]

[13 <./output/spatial/spatial_reduced_100percent.jpg> <./output/spatial/spatial_reduced_25percent.jpg> <./output/spatial/spatial_reduced_50percent.jpg> <./output/spatial/spatial_reduced_75percent.jpg>]

[14]
<output/interpolation/interpolation_nearest_2x.jpg, id=708, 1461.46pt x 823.075pt>
File: output/interpolation/interpolation_nearest_2x.jpg Graphic file (type jpg)
<use output/interpolation/interpolation_nearest_2x.jpg>
Package pdftex.def Info: output/interpolation/interpolation_nearest_2x.jpg  used on input line 387.
(pdftex.def)             Requested size: 217.6621pt x 122.57678pt.
<output/interpolation/interpolation_bilinear_2x.jpg, id=709, 1461.46pt x 823.075pt>
File: output/interpolation/interpolation_bilinear_2x.jpg Graphic file (type jpg)
<use output/interpolation/interpolation_bilinear_2x.jpg>
Package pdftex.def Info: output/interpolation/interpolation_bilinear_2x.jpg  used on input line 392.
(pdftex.def)             Requested size: 217.6621pt x 122.57678pt.
<output/interpolation/interpolation_bicubic_2x.jpg, id=710, 1461.46pt x 823.075pt>
File: output/interpolation/interpolation_bicubic_2x.jpg Graphic file (type jpg)
<use output/interpolation/interpolation_bicubic_2x.jpg>
Package pdftex.def Info: output/interpolation/interpolation_bicubic_2x.jpg  used on input line 397.
(pdftex.def)             Requested size: 217.6621pt x 122.57678pt.
<output/interpolation/interpolation_lanczos_2x.jpg, id=711, 1461.46pt x 823.075pt>
File: output/interpolation/interpolation_lanczos_2x.jpg Graphic file (type jpg)
<use output/interpolation/interpolation_lanczos_2x.jpg>
Package pdftex.def Info: output/interpolation/interpolation_lanczos_2x.jpg  used on input line 402.
(pdftex.def)             Requested size: 217.6621pt x 122.57678pt.


[15 <./output/interpolation/interpolation_nearest_2x.jpg> <./output/interpolation/interpolation_bilinear_2x.jpg> <./output/interpolation/interpolation_bicubic_2x.jpg> <./output/interpolation/interpolation_lanczos_2x.jpg>]
<output/blurring/box_blur_15x15.jpg, id=717, 730.73pt x 411.5375pt>
File: output/blurring/box_blur_15x15.jpg Graphic file (type jpg)
<use output/blurring/box_blur_15x15.jpg>
Package pdftex.def Info: output/blurring/box_blur_15x15.jpg  used on input line 459.
(pdftex.def)             Requested size: 217.6621pt x 122.58305pt.
<output/blurring/motion_blur_45deg.jpg, id=718, 730.73pt x 411.5375pt>
File: output/blurring/motion_blur_45deg.jpg Graphic file (type jpg)
<use output/blurring/motion_blur_45deg.jpg>
Package pdftex.def Info: output/blurring/motion_blur_45deg.jpg  used on input line 464.
(pdftex.def)             Requested size: 217.6621pt x 122.58305pt.
<output/blurring/gaussian_blur_15x15.jpg, id=719, 730.73pt x 411.5375pt>
File: output/blurring/gaussian_blur_15x15.jpg Graphic file (type jpg)
<use output/blurring/gaussian_blur_15x15.jpg>
Package pdftex.def Info: output/blurring/gaussian_blur_15x15.jpg  used on input line 469.
(pdftex.def)             Requested size: 217.6621pt x 122.58305pt.
<output/blurring/focus_blur_r100.jpg, id=720, 730.73pt x 411.5375pt>
File: output/blurring/focus_blur_r100.jpg Graphic file (type jpg)
<use output/blurring/focus_blur_r100.jpg>
Package pdftex.def Info: output/blurring/focus_blur_r100.jpg  used on input line 474.
(pdftex.def)             Requested size: 217.6621pt x 122.58305pt.


[16]

[17 <./output/blurring/box_blur_15x15.jpg> <./output/blurring/motion_blur_45deg.jpg> <./output/blurring/gaussian_blur_15x15.jpg> <./output/blurring/focus_blur_r100.jpg>]

[18]
<output/histogram/histogram_equalized.jpg, id=745, 730.73pt x 411.5375pt>
File: output/histogram/histogram_equalized.jpg Graphic file (type jpg)
<use output/histogram/histogram_equalized.jpg>
Package pdftex.def Info: output/histogram/histogram_equalized.jpg  used on input line 543.
(pdftex.def)             Requested size: 386.95894pt x 217.93173pt.
<output/histogram/adaptive_hist_clip2_grid8x8.jpg, id=746, 730.73pt x 411.5375pt>
File: output/histogram/adaptive_hist_clip2_grid8x8.jpg Graphic file (type jpg)
<use output/histogram/adaptive_hist_clip2_grid8x8.jpg>
Package pdftex.def Info: output/histogram/adaptive_hist_clip2_grid8x8.jpg  used on input line 549.
(pdftex.def)             Requested size: 386.95894pt x 217.93173pt.


[19 <./output/histogram/histogram_equalized.jpg> <./output/histogram/adaptive_hist_clip2_grid8x8.jpg>]

[20]
<output/freq_box/box_filtered.jpg, id=763, 730.73pt x 411.5375pt>
File: output/freq_box/box_filtered.jpg Graphic file (type jpg)
<use output/freq_box/box_filtered.jpg>
Package pdftex.def Info: output/freq_box/box_filtered.jpg  used on input line 604.
(pdftex.def)             Requested size: 386.95894pt x 217.93173pt.


[21 <./output/freq_box/box_filtered.jpg>]
Overfull \hbox (3.21487pt too wide) in paragraph at lines 619--620
[]\OT1/cmr/m/n/12 A Gaus-sian fil-ter is de-signed to sup-press high-frequency noise while re-tain-ing low-frequency
 []



[22]
<output/freq_gaussian/gaussian_filtered_sigma10.jpg, id=774, 730.73pt x 411.5375pt>
File: output/freq_gaussian/gaussian_filtered_sigma10.jpg Graphic file (type jpg)
<use output/freq_gaussian/gaussian_filtered_sigma10.jpg>
Package pdftex.def Info: output/freq_gaussian/gaussian_filtered_sigma10.jpg  used on input line 660.
(pdftex.def)             Requested size: 386.95894pt x 217.93173pt.


[23 <./output/freq_gaussian/gaussian_filtered_sigma10.jpg>]

[24]
<output/freq_random/random_filtered_d50_s10.jpg, id=785, 730.73pt x 411.5375pt>
File: output/freq_random/random_filtered_d50_s10.jpg Graphic file (type jpg)
<use output/freq_random/random_filtered_d50_s10.jpg>
Package pdftex.def Info: output/freq_random/random_filtered_d50_s10.jpg  used on input line 712.
(pdftex.def)             Requested size: 386.95894pt x 217.93173pt.


[25 <./output/freq_random/random_filtered_d50_s10.jpg>]
<output/dct/dct_coefficients.png, id=792, 722.7pt x 289.08pt>
File: output/dct/dct_coefficients.png Graphic file (type png)
<use output/dct/dct_coefficients.png>
Package pdftex.def Info: output/dct/dct_coefficients.png  used on input line 759.
(pdftex.def)             Requested size: 338.5863pt x 135.43533pt.


[26]

[27 <./output/dct/dct_coefficients.png>]
<output/sequence_energy/sequence_energy.png, id=805, 722.7pt x 289.08pt>
File: output/sequence_energy/sequence_energy.png Graphic file (type png)
<use output/sequence_energy/sequence_energy.png>
Package pdftex.def Info: output/sequence_energy/sequence_energy.png  used on input line 810.
(pdftex.def)             Requested size: 338.5863pt x 135.43533pt.


[28]

[29 <./output/sequence_energy/sequence_energy.png>]
<output/dct/original_sequence.png, id=817, 722.7pt x 289.08pt>
File: output/dct/original_sequence.png Graphic file (type png)
<use output/dct/original_sequence.png>
Package pdftex.def Info: output/dct/original_sequence.png  used on input line 860.
(pdftex.def)             Requested size: 338.5863pt x 135.43533pt.
<output/dct/reconstruction_100percent.png, id=818, 722.7pt x 289.08pt>
File: output/dct/reconstruction_100percent.png Graphic file (type png)
<use output/dct/reconstruction_100percent.png>
Package pdftex.def Info: output/dct/reconstruction_100percent.png  used on input line 865.
(pdftex.def)             Requested size: 338.5863pt x 135.43533pt.


[30]

[31 <./output/dct/original_sequence.png> <./output/dct/reconstruction_100percent.png>]
<output/wavelet/decomposition.png, id=833, 722.7pt x 722.7pt>
File: output/wavelet/decomposition.png Graphic file (type png)
<use output/wavelet/decomposition.png>
Package pdftex.def Info: output/wavelet/decomposition.png  used on input line 916.
(pdftex.def)             Requested size: 386.95894pt x 386.95496pt.


[32]

[33 <./output/wavelet/decomposition.png>]

[34]
<output/wavelet/coefficients_before.png, id=855, 722.7pt x 722.7pt>
File: output/wavelet/coefficients_before.png Graphic file (type png)
<use output/wavelet/coefficients_before.png>
Package pdftex.def Info: output/wavelet/coefficients_before.png  used on input line 991.
(pdftex.def)             Requested size: 232.17241pt x 232.17297pt.
<output/wavelet/coefficients_method1.png, id=856, 722.7pt x 722.7pt>
File: output/wavelet/coefficients_method1.png Graphic file (type png)
<use output/wavelet/coefficients_method1.png>
Package pdftex.def Info: output/wavelet/coefficients_method1.png  used on input line 996.
(pdftex.def)             Requested size: 232.17241pt x 232.17297pt.
<output/wavelet/coefficients_method2.png, id=857, 722.7pt x 722.7pt>
File: output/wavelet/coefficients_method2.png Graphic file (type png)
<use output/wavelet/coefficients_method2.png>
Package pdftex.def Info: output/wavelet/coefficients_method2.png  used on input line 1001.
(pdftex.def)             Requested size: 232.17241pt x 232.17297pt.
<output/wavelet/denoised_comparison.png, id=858, 1084.05pt x 361.35pt>
File: output/wavelet/denoised_comparison.png Graphic file (type png)
<use output/wavelet/denoised_comparison.png>
Package pdftex.def Info: output/wavelet/denoised_comparison.png  used on input line 1006.
(pdftex.def)             Requested size: 232.17241pt x 77.38547pt.
<output/wavelet/psnr_comparison.png, id=859, 578.16pt x 361.35pt>
File: output/wavelet/psnr_comparison.png Graphic file (type png)
<use output/wavelet/psnr_comparison.png>
Package pdftex.def Info: output/wavelet/psnr_comparison.png  used on input line 1011.
(pdftex.def)             Requested size: 232.17241pt x 145.10535pt.


[35]

[36 <./output/wavelet/coefficients_before.png> <./output/wavelet/coefficients_method1.png> <./output/wavelet/coefficients_method2.png> <./output/wavelet/denoised_comparison.png> <./output/wavelet/psnr_comparison.png>] (./Final.aux)
 ***********
LaTeX2e <2024-11-01> patch level 2
L3 programming layer <2025-01-18>
 ***********
Package rerunfilecheck Info: File `Final.out' has not changed.
(rerunfilecheck)             Checksum: A228F28EE9432A43BCAAC3E0A1B18774;22633.
 ) 
Here is how much of TeX's memory you used:
 13186 strings out of 473190
 216896 string characters out of 5715800
 619430 words of memory out of 5000000
 36098 multiletter control sequences out of 15000+600000
 566277 words of font info for 62 fonts, out of 8000000 for 9000
 1141 hyphenation exceptions out of 8191
 75i,8n,79p,511b,591s stack positions out of 10000i,1000n,20000p,200000b,200000s
</usr/local/texlive/2025/texmf-dist/fonts/type1/public/amsfonts/cm/cmbx12.pfb></usr/local/texlive/2025/texmf-dist/fonts/type1/public/amsfonts/cm/cmex10.pfb></usr/local/texlive/2025/texmf-dist/fonts/type1/public/amsfonts/cm/cmmi12.pfb></usr/local/texlive/2025/texmf-dist/fonts/type1/public/amsfonts/cm/cmmi6.pfb></usr/local/texlive/2025/texmf-dist/fonts/type1/public/amsfonts/cm/cmmi8.pfb></usr/local/texlive/2025/texmf-dist/fonts/type1/public/amsfonts/cm/cmr10.pfb></usr/local/texlive/2025/texmf-dist/fonts/type1/public/amsfonts/cm/cmr12.pfb></usr/local/texlive/2025/texmf-dist/fonts/type1/public/amsfonts/cm/cmr17.pfb></usr/local/texlive/2025/texmf-dist/fonts/type1/public/amsfonts/cm/cmr6.pfb></usr/local/texlive/2025/texmf-dist/fonts/type1/public/amsfonts/cm/cmr8.pfb></usr/local/texlive/2025/texmf-dist/fonts/type1/public/amsfonts/cm/cmsy10.pfb></usr/local/texlive/2025/texmf-dist/fonts/type1/public/amsfonts/cm/cmsy8.pfb></usr/local/texlive/2025/texmf-dist/fonts/type1/public/amsfonts/cm/cmtt12.pfb></usr/local/texlive/2025/texmf-dist/fonts/type1/public/cm-super/sfrm1095.pfb></usr/local/texlive/2025/texmf-dist/fonts/type1/public/cm-super/sfrm1200.pfb>
Output written on Final.pdf (36 pages, 5090431 bytes).
PDF statistics:
 988 PDF objects out of 1000 (max. 8388607)
 865 compressed objects within 9 object streams
 216 named destinations out of 1000 (max. 500000)
 1133 words of extra memory for PDF output out of 10000 (max. 10000000)

